# JRE version: Java(TM) SE Runtime Environment (20.0.2+9) (build 20.0.2+9-78)
# Java VM: Java HotSpot(TM) 64-Bit Server VM (20.0.2+9-78, mixed mode, sharing, tiered, compressed oops, compressed class ptrs, g1 gc, windows-amd64)
GC Precious Log:
 CardTable entry size: 512
 Card Set container configuration: InlinePtr #cards 5 size 8 Array Of Cards #cards 12 size 40 Howl #buckets 4 coarsen threshold 1843 Howl Bitmap #cards 512 size 80 coarsen threshold 460 Card regions per heap region 1 cards per card region 2048
 CPUs: 4 total, 4 available
 Memory: 3918M
 Large Page Support: Disabled
 NUMA Support: Disabled
 Compressed Oops: Enabled (32-bit)
 Heap Region Size: 1M
 Heap Min Capacity: 8M
 Heap Initial Capacity: 62M
 Heap Max Capacity: 980M
 Pre-touch: Disabled
 Parallel Workers: 4
 Concurrent Workers: 1
 Concurrent Refinement Workers: 4
 Periodic GC: Disabled
Heap:
 garbage-first heap   total 63488K, used 36867K [0x00000000c2c00000, 0x0000000100000000)
  region size 1024K, 25 young (25600K), 5 survivors (5120K)
 Metaspace       used 20707K, committed 21056K, reserved 1114112K
  class space    used 3026K, committed 3200K, reserved 1048576K
GC Heap History (6 events):
Event: 5.592 GC heap before
{Heap before GC invocations=0 (full 0):
 garbage-first heap   total 63488K, used 12288K [0x00000000c2c00000, 0x0000000100000000)
  region size 1024K, 13 young (13312K), 0 survivors (0K)
 Metaspace       used 2397K, committed 2560K, reserved 1114112K
  class space    used 247K, committed 320K, reserved 1048576K
}
Event: 5.601 GC heap after
{Heap after GC invocations=1 (full 0):
 garbage-first heap   total 63488K, used 2128K [0x00000000c2c00000, 0x0000000100000000)
  region size 1024K, 2 young (2048K), 2 survivors (2048K)
 Metaspace       used 2397K, committed 2560K, reserved 1114112K
  class space    used 247K, committed 320K, reserved 1048576K
}
Event: 7.961 GC heap before
{Heap before GC invocations=1 (full 0):
 garbage-first heap   total 63488K, used 25680K [0x00000000c2c00000, 0x0000000100000000)
  region size 1024K, 19 young (19456K), 2 survivors (2048K)
 Metaspace       used 9371K, committed 9536K, reserved 1114112K
  class space    used 1027K, committed 1088K, reserved 1048576K
}
Event: 7.973 GC heap after
{Heap after GC invocations=2 (full 0):
 garbage-first heap   total 63488K, used 12479K [0x00000000c2c00000, 0x0000000100000000)
  region size 1024K, 3 young (3072K), 3 survivors (3072K)
 Metaspace       used 9371K, committed 9536K, reserved 1114112K
  class space    used 1027K, committed 1088K, reserved 1048576K
}
Event: 12.021 GC heap before
{Heap before GC invocations=2 (full 0):
 garbage-first heap   total 63488K, used 46271K [0x00000000c2c00000, 0x0000000100000000)
  region size 1024K, 37 young (37888K), 3 survivors (3072K)
 Metaspace       used 18536K, committed 18816K, reserved 1114112K
  class space    used 2698K, committed 2816K, reserved 1048576K
}
Event: 12.043 GC heap after
{Heap after GC invocations=3 (full 0):
 garbage-first heap   total 63488K, used 17411K [0x00000000c2c00000, 0x0000000100000000)
  region size 1024K, 5 young (5120K), 5 survivors (5120K)
 Metaspace       used 18536K, committed 18816K, reserved 1114112K
  class space    used 2698K, committed 2816K, reserved 1048576K
}

